0 info it worked if it ends with ok
1 verbose cli [ '/Users/nichole.cruzalegui/.nvm/versions/node/v4.9.1/bin/node',
1 verbose cli   '/Users/nichole.cruzalegui/.nvm/versions/node/v4.9.1/bin/npm',
1 verbose cli   'install',
1 verbose cli   'pngquant-bin' ]
2 info using npm@2.15.11
3 info using node@v4.9.1
4 verbose install initial load of /Users/nichole.cruzalegui/Documents/Hilton-2025/Breakfast v2.1/utils/package.json
5 warn package.json html_templates@0.0.1 No README data
6 verbose installManyTop reading scoped package data from /Users/nichole.cruzalegui/Documents/Hilton-2025/Breakfast v2.1/utils/node_modules/ansi-gray/package.json
7 verbose installManyTop reading scoped package data from /Users/nichole.cruzalegui/Documents/Hilton-2025/Breakfast v2.1/utils/node_modules/ansi-regex/package.json
8 verbose installManyTop reading scoped package data from /Users/nichole.cruzalegui/Documents/Hilton-2025/Breakfast v2.1/utils/node_modules/ansi-styles/package.json
9 verbose installManyTop reading scoped package data from /Users/nichole.cruzalegui/Documents/Hilton-2025/Breakfast v2.1/utils/node_modules/ansi-wrap/package.json
10 verbose installManyTop reading scoped package data from /Users/nichole.cruzalegui/Documents/Hilton-2025/Breakfast v2.1/utils/node_modules/anymatch/package.json
11 verbose installManyTop reading scoped package data from /Users/nichole.cruzalegui/Documents/Hilton-2025/Breakfast v2.1/utils/node_modules/archy/package.json
12 verbose installManyTop reading scoped package data from /Users/nichole.cruzalegui/Documents/Hilton-2025/Breakfast v2.1/utils/node_modules/argparse/package.json
13 verbose installManyTop reading scoped package data from /Users/nichole.cruzalegui/Documents/Hilton-2025/Breakfast v2.1/utils/node_modules/arr-diff/package.json
14 verbose installManyTop reading scoped package data from /Users/nichole.cruzalegui/Documents/Hilton-2025/Breakfast v2.1/utils/node_modules/arr-flatten/package.json
15 verbose installManyTop reading scoped package data from /Users/nichole.cruzalegui/Documents/Hilton-2025/Breakfast v2.1/utils/node_modules/arr-union/package.json
16 verbose installManyTop reading scoped package data from /Users/nichole.cruzalegui/Documents/Hilton-2025/Breakfast v2.1/utils/node_modules/array-differ/package.json
17 verbose installManyTop reading scoped package data from /Users/nichole.cruzalegui/Documents/Hilton-2025/Breakfast v2.1/utils/node_modules/array-each/package.json
18 verbose installManyTop reading scoped package data from /Users/nichole.cruzalegui/Documents/Hilton-2025/Breakfast v2.1/utils/node_modules/array-find-index/package.json
19 verbose installManyTop reading scoped package data from /Users/nichole.cruzalegui/Documents/Hilton-2025/Breakfast v2.1/utils/node_modules/array-slice/package.json
20 verbose installManyTop reading scoped package data from /Users/nichole.cruzalegui/Documents/Hilton-2025/Breakfast v2.1/utils/node_modules/array-union/package.json
21 verbose installManyTop reading scoped package data from /Users/nichole.cruzalegui/Documents/Hilton-2025/Breakfast v2.1/utils/node_modules/array-uniq/package.json
22 verbose installManyTop reading scoped package data from /Users/nichole.cruzalegui/Documents/Hilton-2025/Breakfast v2.1/utils/node_modules/array-unique/package.json
23 verbose installManyTop reading scoped package data from /Users/nichole.cruzalegui/Documents/Hilton-2025/Breakfast v2.1/utils/node_modules/arrify/package.json
24 verbose installManyTop reading scoped package data from /Users/nichole.cruzalegui/Documents/Hilton-2025/Breakfast v2.1/utils/node_modules/assign-symbols/package.json
25 verbose installManyTop reading scoped package data from /Users/nichole.cruzalegui/Documents/Hilton-2025/Breakfast v2.1/utils/node_modules/async-done/package.json
26 verbose installManyTop reading scoped package data from /Users/nichole.cruzalegui/Documents/Hilton-2025/Breakfast v2.1/utils/node_modules/async-each/package.json
27 verbose installManyTop reading scoped package data from /Users/nichole.cruzalegui/Documents/Hilton-2025/Breakfast v2.1/utils/node_modules/atob/package.json
28 verbose installManyTop reading scoped package data from /Users/nichole.cruzalegui/Documents/Hilton-2025/Breakfast v2.1/utils/node_modules/balanced-match/package.json
29 verbose installManyTop reading scoped package data from /Users/nichole.cruzalegui/Documents/Hilton-2025/Breakfast v2.1/utils/node_modules/base/package.json
30 verbose installManyTop reading scoped package data from /Users/nichole.cruzalegui/Documents/Hilton-2025/Breakfast v2.1/utils/node_modules/beeper/package.json
31 verbose installManyTop reading scoped package data from /Users/nichole.cruzalegui/Documents/Hilton-2025/Breakfast v2.1/utils/node_modules/binary-extensions/package.json
32 verbose installManyTop reading scoped package data from /Users/nichole.cruzalegui/Documents/Hilton-2025/Breakfast v2.1/utils/node_modules/brace-expansion/package.json
33 verbose installManyTop reading scoped package data from /Users/nichole.cruzalegui/Documents/Hilton-2025/Breakfast v2.1/utils/node_modules/braces/package.json
34 verbose installManyTop reading scoped package data from /Users/nichole.cruzalegui/Documents/Hilton-2025/Breakfast v2.1/utils/node_modules/buffer-crc32/package.json
35 verbose installManyTop reading scoped package data from /Users/nichole.cruzalegui/Documents/Hilton-2025/Breakfast v2.1/utils/node_modules/buffer-from/package.json
36 verbose installManyTop reading scoped package data from /Users/nichole.cruzalegui/Documents/Hilton-2025/Breakfast v2.1/utils/node_modules/buffer-shims/package.json
37 verbose installManyTop reading scoped package data from /Users/nichole.cruzalegui/Documents/Hilton-2025/Breakfast v2.1/utils/node_modules/cache-base/package.json
38 verbose installManyTop reading scoped package data from /Users/nichole.cruzalegui/Documents/Hilton-2025/Breakfast v2.1/utils/node_modules/camelcase/package.json
39 verbose installManyTop reading scoped package data from /Users/nichole.cruzalegui/Documents/Hilton-2025/Breakfast v2.1/utils/node_modules/camelcase-keys/package.json
40 verbose installManyTop reading scoped package data from /Users/nichole.cruzalegui/Documents/Hilton-2025/Breakfast v2.1/utils/node_modules/chalk/package.json
41 verbose installManyTop reading scoped package data from /Users/nichole.cruzalegui/Documents/Hilton-2025/Breakfast v2.1/utils/node_modules/chokidar/package.json
42 verbose installManyTop reading scoped package data from /Users/nichole.cruzalegui/Documents/Hilton-2025/Breakfast v2.1/utils/node_modules/clap/package.json
43 verbose installManyTop reading scoped package data from /Users/nichole.cruzalegui/Documents/Hilton-2025/Breakfast v2.1/utils/node_modules/class-utils/package.json
44 verbose installManyTop reading scoped package data from /Users/nichole.cruzalegui/Documents/Hilton-2025/Breakfast v2.1/utils/node_modules/cliui/package.json
45 verbose installManyTop reading scoped package data from /Users/nichole.cruzalegui/Documents/Hilton-2025/Breakfast v2.1/utils/node_modules/clone/package.json
46 verbose installManyTop reading scoped package data from /Users/nichole.cruzalegui/Documents/Hilton-2025/Breakfast v2.1/utils/node_modules/clone-buffer/package.json
47 verbose installManyTop reading scoped package data from /Users/nichole.cruzalegui/Documents/Hilton-2025/Breakfast v2.1/utils/node_modules/clone-stats/package.json
48 verbose installManyTop reading scoped package data from /Users/nichole.cruzalegui/Documents/Hilton-2025/Breakfast v2.1/utils/node_modules/cloneable-readable/package.json
49 verbose installManyTop reading scoped package data from /Users/nichole.cruzalegui/Documents/Hilton-2025/Breakfast v2.1/utils/node_modules/coa/package.json
50 verbose installManyTop reading scoped package data from /Users/nichole.cruzalegui/Documents/Hilton-2025/Breakfast v2.1/utils/node_modules/code-point-at/package.json
51 verbose installManyTop reading scoped package data from /Users/nichole.cruzalegui/Documents/Hilton-2025/Breakfast v2.1/utils/node_modules/collection-visit/package.json
52 verbose installManyTop reading scoped package data from /Users/nichole.cruzalegui/Documents/Hilton-2025/Breakfast v2.1/utils/node_modules/color-support/package.json
53 verbose installManyTop reading scoped package data from /Users/nichole.cruzalegui/Documents/Hilton-2025/Breakfast v2.1/utils/node_modules/colors/package.json
54 verbose installManyTop reading scoped package data from /Users/nichole.cruzalegui/Documents/Hilton-2025/Breakfast v2.1/utils/node_modules/component-emitter/package.json
55 verbose installManyTop reading scoped package data from /Users/nichole.cruzalegui/Documents/Hilton-2025/Breakfast v2.1/utils/node_modules/concat-map/package.json
56 verbose installManyTop reading scoped package data from /Users/nichole.cruzalegui/Documents/Hilton-2025/Breakfast v2.1/utils/node_modules/concat-stream/package.json
57 verbose installManyTop reading scoped package data from /Users/nichole.cruzalegui/Documents/Hilton-2025/Breakfast v2.1/utils/node_modules/concat-with-sourcemaps/package.json
58 verbose installManyTop reading scoped package data from /Users/nichole.cruzalegui/Documents/Hilton-2025/Breakfast v2.1/utils/node_modules/copy-descriptor/package.json
59 verbose installManyTop reading scoped package data from /Users/nichole.cruzalegui/Documents/Hilton-2025/Breakfast v2.1/utils/node_modules/core-util-is/package.json
60 verbose installManyTop reading scoped package data from /Users/nichole.cruzalegui/Documents/Hilton-2025/Breakfast v2.1/utils/node_modules/csso/package.json
61 verbose installManyTop reading scoped package data from /Users/nichole.cruzalegui/Documents/Hilton-2025/Breakfast v2.1/utils/node_modules/currently-unhandled/package.json
62 verbose installManyTop reading scoped package data from /Users/nichole.cruzalegui/Documents/Hilton-2025/Breakfast v2.1/utils/node_modules/dateformat/package.json
63 verbose installManyTop reading scoped package data from /Users/nichole.cruzalegui/Documents/Hilton-2025/Breakfast v2.1/utils/node_modules/debug/package.json
64 verbose installManyTop reading scoped package data from /Users/nichole.cruzalegui/Documents/Hilton-2025/Breakfast v2.1/utils/node_modules/decamelize/package.json
65 verbose installManyTop reading scoped package data from /Users/nichole.cruzalegui/Documents/Hilton-2025/Breakfast v2.1/utils/node_modules/decode-uri-component/package.json
66 verbose installManyTop reading scoped package data from /Users/nichole.cruzalegui/Documents/Hilton-2025/Breakfast v2.1/utils/node_modules/defaults/package.json
67 verbose installManyTop reading scoped package data from /Users/nichole.cruzalegui/Documents/Hilton-2025/Breakfast v2.1/utils/node_modules/define-property/package.json
68 verbose installManyTop reading scoped package data from /Users/nichole.cruzalegui/Documents/Hilton-2025/Breakfast v2.1/utils/node_modules/del/package.json
69 verbose installManyTop reading scoped package data from /Users/nichole.cruzalegui/Documents/Hilton-2025/Breakfast v2.1/utils/node_modules/deprecated/package.json
70 verbose installManyTop reading scoped package data from /Users/nichole.cruzalegui/Documents/Hilton-2025/Breakfast v2.1/utils/node_modules/detect-file/package.json
71 verbose installManyTop reading scoped package data from /Users/nichole.cruzalegui/Documents/Hilton-2025/Breakfast v2.1/utils/node_modules/duplexer2/package.json
72 verbose installManyTop reading scoped package data from /Users/nichole.cruzalegui/Documents/Hilton-2025/Breakfast v2.1/utils/node_modules/duplexify/package.json
73 verbose installManyTop reading scoped package data from /Users/nichole.cruzalegui/Documents/Hilton-2025/Breakfast v2.1/utils/node_modules/end-of-stream/package.json
74 verbose installManyTop reading scoped package data from /Users/nichole.cruzalegui/Documents/Hilton-2025/Breakfast v2.1/utils/node_modules/error-ex/package.json
75 verbose installManyTop reading scoped package data from /Users/nichole.cruzalegui/Documents/Hilton-2025/Breakfast v2.1/utils/node_modules/escape-string-regexp/package.json
76 verbose installManyTop reading scoped package data from /Users/nichole.cruzalegui/Documents/Hilton-2025/Breakfast v2.1/utils/node_modules/esprima/package.json
77 verbose installManyTop reading scoped package data from /Users/nichole.cruzalegui/Documents/Hilton-2025/Breakfast v2.1/utils/node_modules/expand-brackets/package.json
78 verbose installManyTop reading scoped package data from /Users/nichole.cruzalegui/Documents/Hilton-2025/Breakfast v2.1/utils/node_modules/expand-range/package.json
79 verbose installManyTop reading scoped package data from /Users/nichole.cruzalegui/Documents/Hilton-2025/Breakfast v2.1/utils/node_modules/expand-tilde/package.json
80 verbose installManyTop reading scoped package data from /Users/nichole.cruzalegui/Documents/Hilton-2025/Breakfast v2.1/utils/node_modules/extend/package.json
81 verbose installManyTop reading scoped package data from /Users/nichole.cruzalegui/Documents/Hilton-2025/Breakfast v2.1/utils/node_modules/extend-shallow/package.json
82 verbose installManyTop reading scoped package data from /Users/nichole.cruzalegui/Documents/Hilton-2025/Breakfast v2.1/utils/node_modules/extglob/package.json
83 verbose installManyTop reading scoped package data from /Users/nichole.cruzalegui/Documents/Hilton-2025/Breakfast v2.1/utils/node_modules/fancy-log/package.json
84 verbose installManyTop reading scoped package data from /Users/nichole.cruzalegui/Documents/Hilton-2025/Breakfast v2.1/utils/node_modules/filename-regex/package.json
85 verbose installManyTop reading scoped package data from /Users/nichole.cruzalegui/Documents/Hilton-2025/Breakfast v2.1/utils/node_modules/fill-range/package.json
86 verbose installManyTop reading scoped package data from /Users/nichole.cruzalegui/Documents/Hilton-2025/Breakfast v2.1/utils/node_modules/find-index/package.json
87 verbose installManyTop reading scoped package data from /Users/nichole.cruzalegui/Documents/Hilton-2025/Breakfast v2.1/utils/node_modules/find-up/package.json
88 verbose installManyTop reading scoped package data from /Users/nichole.cruzalegui/Documents/Hilton-2025/Breakfast v2.1/utils/node_modules/findup-sync/package.json
89 verbose installManyTop reading scoped package data from /Users/nichole.cruzalegui/Documents/Hilton-2025/Breakfast v2.1/utils/node_modules/fined/package.json
90 verbose installManyTop reading scoped package data from /Users/nichole.cruzalegui/Documents/Hilton-2025/Breakfast v2.1/utils/node_modules/first-chunk-stream/package.json
91 verbose installManyTop reading scoped package data from /Users/nichole.cruzalegui/Documents/Hilton-2025/Breakfast v2.1/utils/node_modules/flagged-respawn/package.json
92 verbose installManyTop reading scoped package data from /Users/nichole.cruzalegui/Documents/Hilton-2025/Breakfast v2.1/utils/node_modules/for-in/package.json
93 verbose installManyTop reading scoped package data from /Users/nichole.cruzalegui/Documents/Hilton-2025/Breakfast v2.1/utils/node_modules/for-own/package.json
94 verbose installManyTop reading scoped package data from /Users/nichole.cruzalegui/Documents/Hilton-2025/Breakfast v2.1/utils/node_modules/fork-stream/package.json
95 verbose installManyTop reading scoped package data from /Users/nichole.cruzalegui/Documents/Hilton-2025/Breakfast v2.1/utils/node_modules/fragment-cache/package.json
96 verbose installManyTop reading scoped package data from /Users/nichole.cruzalegui/Documents/Hilton-2025/Breakfast v2.1/utils/node_modules/fs/package.json
97 verbose installManyTop reading scoped package data from /Users/nichole.cruzalegui/Documents/Hilton-2025/Breakfast v2.1/utils/node_modules/fs.realpath/package.json
98 verbose installManyTop reading scoped package data from /Users/nichole.cruzalegui/Documents/Hilton-2025/Breakfast v2.1/utils/node_modules/gaze/package.json
99 verbose installManyTop reading scoped package data from /Users/nichole.cruzalegui/Documents/Hilton-2025/Breakfast v2.1/utils/node_modules/get-stdin/package.json
100 verbose installManyTop reading scoped package data from /Users/nichole.cruzalegui/Documents/Hilton-2025/Breakfast v2.1/utils/node_modules/get-value/package.json
101 verbose installManyTop reading scoped package data from /Users/nichole.cruzalegui/Documents/Hilton-2025/Breakfast v2.1/utils/node_modules/glob/package.json
102 verbose installManyTop reading scoped package data from /Users/nichole.cruzalegui/Documents/Hilton-2025/Breakfast v2.1/utils/node_modules/glob-base/package.json
103 verbose installManyTop reading scoped package data from /Users/nichole.cruzalegui/Documents/Hilton-2025/Breakfast v2.1/utils/node_modules/glob-parent/package.json
104 verbose installManyTop reading scoped package data from /Users/nichole.cruzalegui/Documents/Hilton-2025/Breakfast v2.1/utils/node_modules/glob-stream/package.json
105 verbose installManyTop reading scoped package data from /Users/nichole.cruzalegui/Documents/Hilton-2025/Breakfast v2.1/utils/node_modules/glob-watcher/package.json
106 verbose installManyTop reading scoped package data from /Users/nichole.cruzalegui/Documents/Hilton-2025/Breakfast v2.1/utils/node_modules/glob2base/package.json
107 verbose installManyTop reading scoped package data from /Users/nichole.cruzalegui/Documents/Hilton-2025/Breakfast v2.1/utils/node_modules/global-modules/package.json
108 verbose installManyTop reading scoped package data from /Users/nichole.cruzalegui/Documents/Hilton-2025/Breakfast v2.1/utils/node_modules/global-prefix/package.json
109 verbose installManyTop reading scoped package data from /Users/nichole.cruzalegui/Documents/Hilton-2025/Breakfast v2.1/utils/node_modules/globby/package.json
110 verbose installManyTop reading scoped package data from /Users/nichole.cruzalegui/Documents/Hilton-2025/Breakfast v2.1/utils/node_modules/globule/package.json
111 verbose installManyTop reading scoped package data from /Users/nichole.cruzalegui/Documents/Hilton-2025/Breakfast v2.1/utils/node_modules/glogg/package.json
112 verbose installManyTop reading scoped package data from /Users/nichole.cruzalegui/Documents/Hilton-2025/Breakfast v2.1/utils/node_modules/graceful-fs/package.json
113 verbose installManyTop reading scoped package data from /Users/nichole.cruzalegui/Documents/Hilton-2025/Breakfast v2.1/utils/node_modules/gulp/package.json
114 verbose installManyTop reading scoped package data from /Users/nichole.cruzalegui/Documents/Hilton-2025/Breakfast v2.1/utils/node_modules/gulp-batch/package.json
115 verbose installManyTop reading scoped package data from /Users/nichole.cruzalegui/Documents/Hilton-2025/Breakfast v2.1/utils/node_modules/gulp-changed/package.json
116 verbose installManyTop reading scoped package data from /Users/nichole.cruzalegui/Documents/Hilton-2025/Breakfast v2.1/utils/node_modules/gulp-concat/package.json
117 verbose installManyTop reading scoped package data from /Users/nichole.cruzalegui/Documents/Hilton-2025/Breakfast v2.1/utils/node_modules/gulp-file/package.json
118 verbose installManyTop reading scoped package data from /Users/nichole.cruzalegui/Documents/Hilton-2025/Breakfast v2.1/utils/node_modules/gulp-if/package.json
119 verbose installManyTop reading scoped package data from /Users/nichole.cruzalegui/Documents/Hilton-2025/Breakfast v2.1/utils/node_modules/gulp-match/package.json
120 verbose installManyTop reading scoped package data from /Users/nichole.cruzalegui/Documents/Hilton-2025/Breakfast v2.1/utils/node_modules/gulp-pngmin/package.json
121 verbose installManyTop reading scoped package data from /Users/nichole.cruzalegui/Documents/Hilton-2025/Breakfast v2.1/utils/node_modules/gulp-svgmin/package.json
122 verbose installManyTop reading scoped package data from /Users/nichole.cruzalegui/Documents/Hilton-2025/Breakfast v2.1/utils/node_modules/gulp-util/package.json
123 verbose installManyTop reading scoped package data from /Users/nichole.cruzalegui/Documents/Hilton-2025/Breakfast v2.1/utils/node_modules/gulp-watch/package.json
124 verbose installManyTop reading scoped package data from /Users/nichole.cruzalegui/Documents/Hilton-2025/Breakfast v2.1/utils/node_modules/gulp-zip/package.json
125 verbose installManyTop reading scoped package data from /Users/nichole.cruzalegui/Documents/Hilton-2025/Breakfast v2.1/utils/node_modules/gulplog/package.json
126 verbose installManyTop reading scoped package data from /Users/nichole.cruzalegui/Documents/Hilton-2025/Breakfast v2.1/utils/node_modules/has-ansi/package.json
127 verbose installManyTop reading scoped package data from /Users/nichole.cruzalegui/Documents/Hilton-2025/Breakfast v2.1/utils/node_modules/has-gulplog/package.json
128 verbose installManyTop reading scoped package data from /Users/nichole.cruzalegui/Documents/Hilton-2025/Breakfast v2.1/utils/node_modules/has-value/package.json
129 verbose installManyTop reading scoped package data from /Users/nichole.cruzalegui/Documents/Hilton-2025/Breakfast v2.1/utils/node_modules/has-values/package.json
130 verbose installManyTop reading scoped package data from /Users/nichole.cruzalegui/Documents/Hilton-2025/Breakfast v2.1/utils/node_modules/homedir-polyfill/package.json
131 verbose installManyTop reading scoped package data from /Users/nichole.cruzalegui/Documents/Hilton-2025/Breakfast v2.1/utils/node_modules/hosted-git-info/package.json
132 verbose installManyTop reading scoped package data from /Users/nichole.cruzalegui/Documents/Hilton-2025/Breakfast v2.1/utils/node_modules/image-size/package.json
133 verbose installManyTop reading scoped package data from /Users/nichole.cruzalegui/Documents/Hilton-2025/Breakfast v2.1/utils/node_modules/indent-string/package.json
134 verbose installManyTop reading scoped package data from /Users/nichole.cruzalegui/Documents/Hilton-2025/Breakfast v2.1/utils/node_modules/inflight/package.json
135 verbose installManyTop reading scoped package data from /Users/nichole.cruzalegui/Documents/Hilton-2025/Breakfast v2.1/utils/node_modules/inherits/package.json
136 verbose installManyTop reading scoped package data from /Users/nichole.cruzalegui/Documents/Hilton-2025/Breakfast v2.1/utils/node_modules/ini/package.json
137 verbose installManyTop reading scoped package data from /Users/nichole.cruzalegui/Documents/Hilton-2025/Breakfast v2.1/utils/node_modules/interpret/package.json
138 verbose installManyTop reading scoped package data from /Users/nichole.cruzalegui/Documents/Hilton-2025/Breakfast v2.1/utils/node_modules/invert-kv/package.json
139 verbose installManyTop reading scoped package data from /Users/nichole.cruzalegui/Documents/Hilton-2025/Breakfast v2.1/utils/node_modules/is-absolute/package.json
140 verbose installManyTop reading scoped package data from /Users/nichole.cruzalegui/Documents/Hilton-2025/Breakfast v2.1/utils/node_modules/is-accessor-descriptor/package.json
141 verbose installManyTop reading scoped package data from /Users/nichole.cruzalegui/Documents/Hilton-2025/Breakfast v2.1/utils/node_modules/is-arrayish/package.json
142 verbose installManyTop reading scoped package data from /Users/nichole.cruzalegui/Documents/Hilton-2025/Breakfast v2.1/utils/node_modules/is-binary-path/package.json
143 verbose installManyTop reading scoped package data from /Users/nichole.cruzalegui/Documents/Hilton-2025/Breakfast v2.1/utils/node_modules/is-buffer/package.json
144 verbose installManyTop reading scoped package data from /Users/nichole.cruzalegui/Documents/Hilton-2025/Breakfast v2.1/utils/node_modules/is-data-descriptor/package.json
145 verbose installManyTop reading scoped package data from /Users/nichole.cruzalegui/Documents/Hilton-2025/Breakfast v2.1/utils/node_modules/is-descriptor/package.json
146 verbose installManyTop reading scoped package data from /Users/nichole.cruzalegui/Documents/Hilton-2025/Breakfast v2.1/utils/node_modules/is-dotfile/package.json
147 verbose installManyTop reading scoped package data from /Users/nichole.cruzalegui/Documents/Hilton-2025/Breakfast v2.1/utils/node_modules/is-equal-shallow/package.json
148 verbose installManyTop reading scoped package data from /Users/nichole.cruzalegui/Documents/Hilton-2025/Breakfast v2.1/utils/node_modules/is-extendable/package.json
149 verbose installManyTop reading scoped package data from /Users/nichole.cruzalegui/Documents/Hilton-2025/Breakfast v2.1/utils/node_modules/is-extglob/package.json
150 verbose installManyTop reading scoped package data from /Users/nichole.cruzalegui/Documents/Hilton-2025/Breakfast v2.1/utils/node_modules/is-finite/package.json
151 verbose installManyTop reading scoped package data from /Users/nichole.cruzalegui/Documents/Hilton-2025/Breakfast v2.1/utils/node_modules/is-fullwidth-code-point/package.json
152 verbose installManyTop reading scoped package data from /Users/nichole.cruzalegui/Documents/Hilton-2025/Breakfast v2.1/utils/node_modules/is-glob/package.json
153 verbose installManyTop reading scoped package data from /Users/nichole.cruzalegui/Documents/Hilton-2025/Breakfast v2.1/utils/node_modules/is-number/package.json
154 verbose installManyTop reading scoped package data from /Users/nichole.cruzalegui/Documents/Hilton-2025/Breakfast v2.1/utils/node_modules/is-odd/package.json
155 verbose installManyTop reading scoped package data from /Users/nichole.cruzalegui/Documents/Hilton-2025/Breakfast v2.1/utils/node_modules/is-path-cwd/package.json
156 verbose installManyTop reading scoped package data from /Users/nichole.cruzalegui/Documents/Hilton-2025/Breakfast v2.1/utils/node_modules/is-path-in-cwd/package.json
157 verbose installManyTop reading scoped package data from /Users/nichole.cruzalegui/Documents/Hilton-2025/Breakfast v2.1/utils/node_modules/is-path-inside/package.json
158 verbose installManyTop reading scoped package data from /Users/nichole.cruzalegui/Documents/Hilton-2025/Breakfast v2.1/utils/node_modules/is-plain-object/package.json
159 verbose installManyTop reading scoped package data from /Users/nichole.cruzalegui/Documents/Hilton-2025/Breakfast v2.1/utils/node_modules/is-posix-bracket/package.json
160 verbose installManyTop reading scoped package data from /Users/nichole.cruzalegui/Documents/Hilton-2025/Breakfast v2.1/utils/node_modules/is-primitive/package.json
161 verbose installManyTop reading scoped package data from /Users/nichole.cruzalegui/Documents/Hilton-2025/Breakfast v2.1/utils/node_modules/is-relative/package.json
162 verbose installManyTop reading scoped package data from /Users/nichole.cruzalegui/Documents/Hilton-2025/Breakfast v2.1/utils/node_modules/is-unc-path/package.json
163 verbose installManyTop reading scoped package data from /Users/nichole.cruzalegui/Documents/Hilton-2025/Breakfast v2.1/utils/node_modules/is-utf8/package.json
164 verbose installManyTop reading scoped package data from /Users/nichole.cruzalegui/Documents/Hilton-2025/Breakfast v2.1/utils/node_modules/is-windows/package.json
165 verbose installManyTop reading scoped package data from /Users/nichole.cruzalegui/Documents/Hilton-2025/Breakfast v2.1/utils/node_modules/isarray/package.json
166 verbose installManyTop reading scoped package data from /Users/nichole.cruzalegui/Documents/Hilton-2025/Breakfast v2.1/utils/node_modules/isexe/package.json
167 verbose installManyTop reading scoped package data from /Users/nichole.cruzalegui/Documents/Hilton-2025/Breakfast v2.1/utils/node_modules/isobject/package.json
168 verbose installManyTop reading scoped package data from /Users/nichole.cruzalegui/Documents/Hilton-2025/Breakfast v2.1/utils/node_modules/isstream/package.json
169 verbose installManyTop reading scoped package data from /Users/nichole.cruzalegui/Documents/Hilton-2025/Breakfast v2.1/utils/node_modules/js-yaml/package.json
170 verbose installManyTop reading scoped package data from /Users/nichole.cruzalegui/Documents/Hilton-2025/Breakfast v2.1/utils/node_modules/kind-of/package.json
171 verbose installManyTop reading scoped package data from /Users/nichole.cruzalegui/Documents/Hilton-2025/Breakfast v2.1/utils/node_modules/lcid/package.json
172 verbose installManyTop reading scoped package data from /Users/nichole.cruzalegui/Documents/Hilton-2025/Breakfast v2.1/utils/node_modules/liftoff/package.json
173 verbose installManyTop reading scoped package data from /Users/nichole.cruzalegui/Documents/Hilton-2025/Breakfast v2.1/utils/node_modules/load-json-file/package.json
174 verbose installManyTop reading scoped package data from /Users/nichole.cruzalegui/Documents/Hilton-2025/Breakfast v2.1/utils/node_modules/lodash/package.json
175 verbose installManyTop reading scoped package data from /Users/nichole.cruzalegui/Documents/Hilton-2025/Breakfast v2.1/utils/node_modules/lodash._basecopy/package.json
176 verbose installManyTop reading scoped package data from /Users/nichole.cruzalegui/Documents/Hilton-2025/Breakfast v2.1/utils/node_modules/lodash._basetostring/package.json
177 verbose installManyTop reading scoped package data from /Users/nichole.cruzalegui/Documents/Hilton-2025/Breakfast v2.1/utils/node_modules/lodash._basevalues/package.json
178 verbose installManyTop reading scoped package data from /Users/nichole.cruzalegui/Documents/Hilton-2025/Breakfast v2.1/utils/node_modules/lodash._escapehtmlchar/package.json
179 verbose installManyTop reading scoped package data from /Users/nichole.cruzalegui/Documents/Hilton-2025/Breakfast v2.1/utils/node_modules/lodash._escapestringchar/package.json
180 verbose installManyTop reading scoped package data from /Users/nichole.cruzalegui/Documents/Hilton-2025/Breakfast v2.1/utils/node_modules/lodash._getnative/package.json
181 verbose installManyTop reading scoped package data from /Users/nichole.cruzalegui/Documents/Hilton-2025/Breakfast v2.1/utils/node_modules/lodash._htmlescapes/package.json
182 verbose installManyTop reading scoped package data from /Users/nichole.cruzalegui/Documents/Hilton-2025/Breakfast v2.1/utils/node_modules/lodash._isiterateecall/package.json
183 verbose installManyTop reading scoped package data from /Users/nichole.cruzalegui/Documents/Hilton-2025/Breakfast v2.1/utils/node_modules/lodash._isnative/package.json
184 verbose installManyTop reading scoped package data from /Users/nichole.cruzalegui/Documents/Hilton-2025/Breakfast v2.1/utils/node_modules/lodash._objecttypes/package.json
185 verbose installManyTop reading scoped package data from /Users/nichole.cruzalegui/Documents/Hilton-2025/Breakfast v2.1/utils/node_modules/lodash._reescape/package.json
186 verbose installManyTop reading scoped package data from /Users/nichole.cruzalegui/Documents/Hilton-2025/Breakfast v2.1/utils/node_modules/lodash._reevaluate/package.json
187 verbose installManyTop reading scoped package data from /Users/nichole.cruzalegui/Documents/Hilton-2025/Breakfast v2.1/utils/node_modules/lodash._reinterpolate/package.json
188 verbose installManyTop reading scoped package data from /Users/nichole.cruzalegui/Documents/Hilton-2025/Breakfast v2.1/utils/node_modules/lodash._reunescapedhtml/package.json
189 verbose installManyTop reading scoped package data from /Users/nichole.cruzalegui/Documents/Hilton-2025/Breakfast v2.1/utils/node_modules/lodash._root/package.json
190 verbose installManyTop reading scoped package data from /Users/nichole.cruzalegui/Documents/Hilton-2025/Breakfast v2.1/utils/node_modules/lodash._shimkeys/package.json
191 verbose installManyTop reading scoped package data from /Users/nichole.cruzalegui/Documents/Hilton-2025/Breakfast v2.1/utils/node_modules/lodash.defaults/package.json
192 verbose installManyTop reading scoped package data from /Users/nichole.cruzalegui/Documents/Hilton-2025/Breakfast v2.1/utils/node_modules/lodash.escape/package.json
193 verbose installManyTop reading scoped package data from /Users/nichole.cruzalegui/Documents/Hilton-2025/Breakfast v2.1/utils/node_modules/lodash.isarguments/package.json
194 verbose installManyTop reading scoped package data from /Users/nichole.cruzalegui/Documents/Hilton-2025/Breakfast v2.1/utils/node_modules/lodash.isarray/package.json
195 verbose installManyTop reading scoped package data from /Users/nichole.cruzalegui/Documents/Hilton-2025/Breakfast v2.1/utils/node_modules/lodash.isobject/package.json
196 verbose installManyTop reading scoped package data from /Users/nichole.cruzalegui/Documents/Hilton-2025/Breakfast v2.1/utils/node_modules/lodash.keys/package.json
197 verbose installManyTop reading scoped package data from /Users/nichole.cruzalegui/Documents/Hilton-2025/Breakfast v2.1/utils/node_modules/lodash.restparam/package.json
198 verbose installManyTop reading scoped package data from /Users/nichole.cruzalegui/Documents/Hilton-2025/Breakfast v2.1/utils/node_modules/lodash.template/package.json
199 verbose installManyTop reading scoped package data from /Users/nichole.cruzalegui/Documents/Hilton-2025/Breakfast v2.1/utils/node_modules/lodash.templatesettings/package.json
200 verbose installManyTop reading scoped package data from /Users/nichole.cruzalegui/Documents/Hilton-2025/Breakfast v2.1/utils/node_modules/lodash.values/package.json
201 verbose installManyTop reading scoped package data from /Users/nichole.cruzalegui/Documents/Hilton-2025/Breakfast v2.1/utils/node_modules/loud-rejection/package.json
202 verbose installManyTop reading scoped package data from /Users/nichole.cruzalegui/Documents/Hilton-2025/Breakfast v2.1/utils/node_modules/lru-cache/package.json
203 verbose installManyTop reading scoped package data from /Users/nichole.cruzalegui/Documents/Hilton-2025/Breakfast v2.1/utils/node_modules/make-iterator/package.json
204 verbose installManyTop reading scoped package data from /Users/nichole.cruzalegui/Documents/Hilton-2025/Breakfast v2.1/utils/node_modules/map-cache/package.json
205 verbose installManyTop reading scoped package data from /Users/nichole.cruzalegui/Documents/Hilton-2025/Breakfast v2.1/utils/node_modules/map-obj/package.json
206 verbose installManyTop reading scoped package data from /Users/nichole.cruzalegui/Documents/Hilton-2025/Breakfast v2.1/utils/node_modules/map-visit/package.json
207 verbose installManyTop reading scoped package data from /Users/nichole.cruzalegui/Documents/Hilton-2025/Breakfast v2.1/utils/node_modules/math-random/package.json
208 verbose installManyTop reading scoped package data from /Users/nichole.cruzalegui/Documents/Hilton-2025/Breakfast v2.1/utils/node_modules/meow/package.json
209 verbose installManyTop reading scoped package data from /Users/nichole.cruzalegui/Documents/Hilton-2025/Breakfast v2.1/utils/node_modules/merge-stream/package.json
210 verbose installManyTop reading scoped package data from /Users/nichole.cruzalegui/Documents/Hilton-2025/Breakfast v2.1/utils/node_modules/micromatch/package.json
211 verbose installManyTop reading scoped package data from /Users/nichole.cruzalegui/Documents/Hilton-2025/Breakfast v2.1/utils/node_modules/minimatch/package.json
212 verbose installManyTop reading scoped package data from /Users/nichole.cruzalegui/Documents/Hilton-2025/Breakfast v2.1/utils/node_modules/minimist/package.json
213 verbose installManyTop reading scoped package data from /Users/nichole.cruzalegui/Documents/Hilton-2025/Breakfast v2.1/utils/node_modules/mixin-deep/package.json
214 verbose installManyTop reading scoped package data from /Users/nichole.cruzalegui/Documents/Hilton-2025/Breakfast v2.1/utils/node_modules/mkdirp/package.json
215 verbose installManyTop reading scoped package data from /Users/nichole.cruzalegui/Documents/Hilton-2025/Breakfast v2.1/utils/node_modules/ms/package.json
216 verbose installManyTop reading scoped package data from /Users/nichole.cruzalegui/Documents/Hilton-2025/Breakfast v2.1/utils/node_modules/multipipe/package.json
217 verbose installManyTop reading scoped package data from /Users/nichole.cruzalegui/Documents/Hilton-2025/Breakfast v2.1/utils/node_modules/nanomatch/package.json
218 verbose installManyTop reading scoped package data from /Users/nichole.cruzalegui/Documents/Hilton-2025/Breakfast v2.1/utils/node_modules/natives/package.json
219 verbose installManyTop reading scoped package data from /Users/nichole.cruzalegui/Documents/Hilton-2025/Breakfast v2.1/utils/node_modules/normalize-package-data/package.json
220 verbose installManyTop reading scoped package data from /Users/nichole.cruzalegui/Documents/Hilton-2025/Breakfast v2.1/utils/node_modules/normalize-path/package.json
221 verbose installManyTop reading scoped package data from /Users/nichole.cruzalegui/Documents/Hilton-2025/Breakfast v2.1/utils/node_modules/number-is-nan/package.json
222 verbose installManyTop reading scoped package data from /Users/nichole.cruzalegui/Documents/Hilton-2025/Breakfast v2.1/utils/node_modules/object-assign/package.json
223 verbose installManyTop reading scoped package data from /Users/nichole.cruzalegui/Documents/Hilton-2025/Breakfast v2.1/utils/node_modules/object-copy/package.json
224 verbose installManyTop reading scoped package data from /Users/nichole.cruzalegui/Documents/Hilton-2025/Breakfast v2.1/utils/node_modules/object-keys/package.json
225 verbose installManyTop reading scoped package data from /Users/nichole.cruzalegui/Documents/Hilton-2025/Breakfast v2.1/utils/node_modules/object-visit/package.json
226 verbose installManyTop reading scoped package data from /Users/nichole.cruzalegui/Documents/Hilton-2025/Breakfast v2.1/utils/node_modules/object.defaults/package.json
227 verbose installManyTop reading scoped package data from /Users/nichole.cruzalegui/Documents/Hilton-2025/Breakfast v2.1/utils/node_modules/object.map/package.json
228 verbose installManyTop reading scoped package data from /Users/nichole.cruzalegui/Documents/Hilton-2025/Breakfast v2.1/utils/node_modules/object.omit/package.json
229 verbose installManyTop reading scoped package data from /Users/nichole.cruzalegui/Documents/Hilton-2025/Breakfast v2.1/utils/node_modules/object.pick/package.json
230 verbose installManyTop reading scoped package data from /Users/nichole.cruzalegui/Documents/Hilton-2025/Breakfast v2.1/utils/node_modules/once/package.json
231 verbose installManyTop reading scoped package data from /Users/nichole.cruzalegui/Documents/Hilton-2025/Breakfast v2.1/utils/node_modules/orchestrator/package.json
232 verbose installManyTop reading scoped package data from /Users/nichole.cruzalegui/Documents/Hilton-2025/Breakfast v2.1/utils/node_modules/ordered-read-streams/package.json
233 verbose installManyTop reading scoped package data from /Users/nichole.cruzalegui/Documents/Hilton-2025/Breakfast v2.1/utils/node_modules/os-homedir/package.json
234 verbose installManyTop reading scoped package data from /Users/nichole.cruzalegui/Documents/Hilton-2025/Breakfast v2.1/utils/node_modules/os-locale/package.json
235 verbose installManyTop reading scoped package data from /Users/nichole.cruzalegui/Documents/Hilton-2025/Breakfast v2.1/utils/node_modules/parse-filepath/package.json
236 verbose installManyTop reading scoped package data from /Users/nichole.cruzalegui/Documents/Hilton-2025/Breakfast v2.1/utils/node_modules/parse-glob/package.json
237 verbose installManyTop reading scoped package data from /Users/nichole.cruzalegui/Documents/Hilton-2025/Breakfast v2.1/utils/node_modules/parse-json/package.json
238 verbose installManyTop reading scoped package data from /Users/nichole.cruzalegui/Documents/Hilton-2025/Breakfast v2.1/utils/node_modules/parse-passwd/package.json
239 verbose installManyTop reading scoped package data from /Users/nichole.cruzalegui/Documents/Hilton-2025/Breakfast v2.1/utils/node_modules/pascalcase/package.json
240 verbose installManyTop reading scoped package data from /Users/nichole.cruzalegui/Documents/Hilton-2025/Breakfast v2.1/utils/node_modules/path/package.json
241 verbose installManyTop reading scoped package data from /Users/nichole.cruzalegui/Documents/Hilton-2025/Breakfast v2.1/utils/node_modules/path-dirname/package.json
242 verbose installManyTop reading scoped package data from /Users/nichole.cruzalegui/Documents/Hilton-2025/Breakfast v2.1/utils/node_modules/path-exists/package.json
243 verbose installManyTop reading scoped package data from /Users/nichole.cruzalegui/Documents/Hilton-2025/Breakfast v2.1/utils/node_modules/path-is-absolute/package.json
244 verbose installManyTop reading scoped package data from /Users/nichole.cruzalegui/Documents/Hilton-2025/Breakfast v2.1/utils/node_modules/path-is-inside/package.json
245 verbose installManyTop reading scoped package data from /Users/nichole.cruzalegui/Documents/Hilton-2025/Breakfast v2.1/utils/node_modules/path-parse/package.json
246 verbose installManyTop reading scoped package data from /Users/nichole.cruzalegui/Documents/Hilton-2025/Breakfast v2.1/utils/node_modules/path-root/package.json
247 verbose installManyTop reading scoped package data from /Users/nichole.cruzalegui/Documents/Hilton-2025/Breakfast v2.1/utils/node_modules/path-root-regex/package.json
248 verbose installManyTop reading scoped package data from /Users/nichole.cruzalegui/Documents/Hilton-2025/Breakfast v2.1/utils/node_modules/path-type/package.json
249 verbose installManyTop reading scoped package data from /Users/nichole.cruzalegui/Documents/Hilton-2025/Breakfast v2.1/utils/node_modules/pify/package.json
250 verbose installManyTop reading scoped package data from /Users/nichole.cruzalegui/Documents/Hilton-2025/Breakfast v2.1/utils/node_modules/pinkie/package.json
251 verbose installManyTop reading scoped package data from /Users/nichole.cruzalegui/Documents/Hilton-2025/Breakfast v2.1/utils/node_modules/pinkie-promise/package.json
252 verbose installManyTop reading scoped package data from /Users/nichole.cruzalegui/Documents/Hilton-2025/Breakfast v2.1/utils/node_modules/pngjs/package.json
253 verbose installManyTop reading scoped package data from /Users/nichole.cruzalegui/Documents/Hilton-2025/Breakfast v2.1/utils/node_modules/pngquant/package.json
254 verbose installManyTop reading scoped package data from /Users/nichole.cruzalegui/Documents/Hilton-2025/Breakfast v2.1/utils/node_modules/posix-character-classes/package.json
255 verbose installManyTop reading scoped package data from /Users/nichole.cruzalegui/Documents/Hilton-2025/Breakfast v2.1/utils/node_modules/preserve/package.json
256 verbose installManyTop reading scoped package data from /Users/nichole.cruzalegui/Documents/Hilton-2025/Breakfast v2.1/utils/node_modules/pretty-hrtime/package.json
257 verbose installManyTop reading scoped package data from /Users/nichole.cruzalegui/Documents/Hilton-2025/Breakfast v2.1/utils/node_modules/process-nextick-args/package.json
258 verbose installManyTop reading scoped package data from /Users/nichole.cruzalegui/Documents/Hilton-2025/Breakfast v2.1/utils/node_modules/q/package.json
259 verbose installManyTop reading scoped package data from /Users/nichole.cruzalegui/Documents/Hilton-2025/Breakfast v2.1/utils/node_modules/randomatic/package.json
260 verbose installManyTop reading scoped package data from /Users/nichole.cruzalegui/Documents/Hilton-2025/Breakfast v2.1/utils/node_modules/read-pkg/package.json
261 verbose installManyTop reading scoped package data from /Users/nichole.cruzalegui/Documents/Hilton-2025/Breakfast v2.1/utils/node_modules/read-pkg-up/package.json
262 verbose installManyTop reading scoped package data from /Users/nichole.cruzalegui/Documents/Hilton-2025/Breakfast v2.1/utils/node_modules/readable-stream/package.json
263 verbose installManyTop reading scoped package data from /Users/nichole.cruzalegui/Documents/Hilton-2025/Breakfast v2.1/utils/node_modules/readdirp/package.json
264 verbose installManyTop reading scoped package data from /Users/nichole.cruzalegui/Documents/Hilton-2025/Breakfast v2.1/utils/node_modules/rechoir/package.json
265 verbose installManyTop reading scoped package data from /Users/nichole.cruzalegui/Documents/Hilton-2025/Breakfast v2.1/utils/node_modules/redent/package.json
266 verbose installManyTop reading scoped package data from /Users/nichole.cruzalegui/Documents/Hilton-2025/Breakfast v2.1/utils/node_modules/regex-cache/package.json
267 verbose installManyTop reading scoped package data from /Users/nichole.cruzalegui/Documents/Hilton-2025/Breakfast v2.1/utils/node_modules/regex-not/package.json
268 verbose installManyTop reading scoped package data from /Users/nichole.cruzalegui/Documents/Hilton-2025/Breakfast v2.1/utils/node_modules/remove-trailing-separator/package.json
269 verbose installManyTop reading scoped package data from /Users/nichole.cruzalegui/Documents/Hilton-2025/Breakfast v2.1/utils/node_modules/repeat-element/package.json
270 verbose installManyTop reading scoped package data from /Users/nichole.cruzalegui/Documents/Hilton-2025/Breakfast v2.1/utils/node_modules/repeat-string/package.json
271 verbose installManyTop reading scoped package data from /Users/nichole.cruzalegui/Documents/Hilton-2025/Breakfast v2.1/utils/node_modules/repeating/package.json
272 verbose installManyTop reading scoped package data from /Users/nichole.cruzalegui/Documents/Hilton-2025/Breakfast v2.1/utils/node_modules/replace-ext/package.json
273 verbose installManyTop reading scoped package data from /Users/nichole.cruzalegui/Documents/Hilton-2025/Breakfast v2.1/utils/node_modules/resolve/package.json
274 verbose installManyTop reading scoped package data from /Users/nichole.cruzalegui/Documents/Hilton-2025/Breakfast v2.1/utils/node_modules/resolve-dir/package.json
275 verbose installManyTop reading scoped package data from /Users/nichole.cruzalegui/Documents/Hilton-2025/Breakfast v2.1/utils/node_modules/resolve-url/package.json
276 verbose installManyTop reading scoped package data from /Users/nichole.cruzalegui/Documents/Hilton-2025/Breakfast v2.1/utils/node_modules/ret/package.json
277 verbose installManyTop reading scoped package data from /Users/nichole.cruzalegui/Documents/Hilton-2025/Breakfast v2.1/utils/node_modules/rimraf/package.json
278 verbose installManyTop reading scoped package data from /Users/nichole.cruzalegui/Documents/Hilton-2025/Breakfast v2.1/utils/node_modules/safe-buffer/package.json
279 verbose installManyTop reading scoped package data from /Users/nichole.cruzalegui/Documents/Hilton-2025/Breakfast v2.1/utils/node_modules/safe-regex/package.json
280 verbose installManyTop reading scoped package data from /Users/nichole.cruzalegui/Documents/Hilton-2025/Breakfast v2.1/utils/node_modules/sax/package.json
281 verbose installManyTop reading scoped package data from /Users/nichole.cruzalegui/Documents/Hilton-2025/Breakfast v2.1/utils/node_modules/semver/package.json
282 verbose installManyTop reading scoped package data from /Users/nichole.cruzalegui/Documents/Hilton-2025/Breakfast v2.1/utils/node_modules/sequencify/package.json
283 verbose installManyTop reading scoped package data from /Users/nichole.cruzalegui/Documents/Hilton-2025/Breakfast v2.1/utils/node_modules/set-value/package.json
284 verbose installManyTop reading scoped package data from /Users/nichole.cruzalegui/Documents/Hilton-2025/Breakfast v2.1/utils/node_modules/sigmund/package.json
285 verbose installManyTop reading scoped package data from /Users/nichole.cruzalegui/Documents/Hilton-2025/Breakfast v2.1/utils/node_modules/signal-exit/package.json
286 verbose installManyTop reading scoped package data from /Users/nichole.cruzalegui/Documents/Hilton-2025/Breakfast v2.1/utils/node_modules/slash/package.json
287 verbose installManyTop reading scoped package data from /Users/nichole.cruzalegui/Documents/Hilton-2025/Breakfast v2.1/utils/node_modules/snapdragon/package.json
288 verbose installManyTop reading scoped package data from /Users/nichole.cruzalegui/Documents/Hilton-2025/Breakfast v2.1/utils/node_modules/snapdragon-node/package.json
289 verbose installManyTop reading scoped package data from /Users/nichole.cruzalegui/Documents/Hilton-2025/Breakfast v2.1/utils/node_modules/snapdragon-util/package.json
290 verbose installManyTop reading scoped package data from /Users/nichole.cruzalegui/Documents/Hilton-2025/Breakfast v2.1/utils/node_modules/source-map/package.json
291 verbose installManyTop reading scoped package data from /Users/nichole.cruzalegui/Documents/Hilton-2025/Breakfast v2.1/utils/node_modules/source-map-resolve/package.json
292 verbose installManyTop reading scoped package data from /Users/nichole.cruzalegui/Documents/Hilton-2025/Breakfast v2.1/utils/node_modules/source-map-url/package.json
293 verbose installManyTop reading scoped package data from /Users/nichole.cruzalegui/Documents/Hilton-2025/Breakfast v2.1/utils/node_modules/sparkles/package.json
294 verbose installManyTop reading scoped package data from /Users/nichole.cruzalegui/Documents/Hilton-2025/Breakfast v2.1/utils/node_modules/spdx-correct/package.json
295 verbose installManyTop reading scoped package data from /Users/nichole.cruzalegui/Documents/Hilton-2025/Breakfast v2.1/utils/node_modules/spdx-exceptions/package.json
296 verbose installManyTop reading scoped package data from /Users/nichole.cruzalegui/Documents/Hilton-2025/Breakfast v2.1/utils/node_modules/spdx-expression-parse/package.json
297 verbose installManyTop reading scoped package data from /Users/nichole.cruzalegui/Documents/Hilton-2025/Breakfast v2.1/utils/node_modules/spdx-license-ids/package.json
298 verbose installManyTop reading scoped package data from /Users/nichole.cruzalegui/Documents/Hilton-2025/Breakfast v2.1/utils/node_modules/split-string/package.json
299 verbose installManyTop reading scoped package data from /Users/nichole.cruzalegui/Documents/Hilton-2025/Breakfast v2.1/utils/node_modules/sprintf/package.json
300 verbose installManyTop reading scoped package data from /Users/nichole.cruzalegui/Documents/Hilton-2025/Breakfast v2.1/utils/node_modules/sprintf-js/package.json
301 verbose installManyTop reading scoped package data from /Users/nichole.cruzalegui/Documents/Hilton-2025/Breakfast v2.1/utils/node_modules/static-extend/package.json
302 verbose installManyTop reading scoped package data from /Users/nichole.cruzalegui/Documents/Hilton-2025/Breakfast v2.1/utils/node_modules/stream-array/package.json
303 verbose installManyTop reading scoped package data from /Users/nichole.cruzalegui/Documents/Hilton-2025/Breakfast v2.1/utils/node_modules/stream-consume/package.json
304 verbose installManyTop reading scoped package data from /Users/nichole.cruzalegui/Documents/Hilton-2025/Breakfast v2.1/utils/node_modules/stream-exhaust/package.json
305 verbose installManyTop reading scoped package data from /Users/nichole.cruzalegui/Documents/Hilton-2025/Breakfast v2.1/utils/node_modules/stream-shift/package.json
306 verbose installManyTop reading scoped package data from /Users/nichole.cruzalegui/Documents/Hilton-2025/Breakfast v2.1/utils/node_modules/streamqueue/package.json
307 verbose installManyTop reading scoped package data from /Users/nichole.cruzalegui/Documents/Hilton-2025/Breakfast v2.1/utils/node_modules/string-width/package.json
308 verbose installManyTop reading scoped package data from /Users/nichole.cruzalegui/Documents/Hilton-2025/Breakfast v2.1/utils/node_modules/string_decoder/package.json
309 verbose installManyTop reading scoped package data from /Users/nichole.cruzalegui/Documents/Hilton-2025/Breakfast v2.1/utils/node_modules/strip-ansi/package.json
310 verbose installManyTop reading scoped package data from /Users/nichole.cruzalegui/Documents/Hilton-2025/Breakfast v2.1/utils/node_modules/strip-bom/package.json
311 verbose installManyTop reading scoped package data from /Users/nichole.cruzalegui/Documents/Hilton-2025/Breakfast v2.1/utils/node_modules/strip-bom-stream/package.json
312 verbose installManyTop reading scoped package data from /Users/nichole.cruzalegui/Documents/Hilton-2025/Breakfast v2.1/utils/node_modules/strip-indent/package.json
313 verbose installManyTop reading scoped package data from /Users/nichole.cruzalegui/Documents/Hilton-2025/Breakfast v2.1/utils/node_modules/supports-color/package.json
314 verbose installManyTop reading scoped package data from /Users/nichole.cruzalegui/Documents/Hilton-2025/Breakfast v2.1/utils/node_modules/svgo/package.json
315 verbose installManyTop reading scoped package data from /Users/nichole.cruzalegui/Documents/Hilton-2025/Breakfast v2.1/utils/node_modules/ternary-stream/package.json
316 verbose installManyTop reading scoped package data from /Users/nichole.cruzalegui/Documents/Hilton-2025/Breakfast v2.1/utils/node_modules/through2/package.json
317 verbose installManyTop reading scoped package data from /Users/nichole.cruzalegui/Documents/Hilton-2025/Breakfast v2.1/utils/node_modules/tildify/package.json
318 verbose installManyTop reading scoped package data from /Users/nichole.cruzalegui/Documents/Hilton-2025/Breakfast v2.1/utils/node_modules/time-stamp/package.json
319 verbose installManyTop reading scoped package data from /Users/nichole.cruzalegui/Documents/Hilton-2025/Breakfast v2.1/utils/node_modules/to-object-path/package.json
320 verbose installManyTop reading scoped package data from /Users/nichole.cruzalegui/Documents/Hilton-2025/Breakfast v2.1/utils/node_modules/to-regex/package.json
321 verbose installManyTop reading scoped package data from /Users/nichole.cruzalegui/Documents/Hilton-2025/Breakfast v2.1/utils/node_modules/to-regex-range/package.json
322 verbose installManyTop reading scoped package data from /Users/nichole.cruzalegui/Documents/Hilton-2025/Breakfast v2.1/utils/node_modules/trim-newlines/package.json
323 verbose installManyTop reading scoped package data from /Users/nichole.cruzalegui/Documents/Hilton-2025/Breakfast v2.1/utils/node_modules/typedarray/package.json
324 verbose installManyTop reading scoped package data from /Users/nichole.cruzalegui/Documents/Hilton-2025/Breakfast v2.1/utils/node_modules/unc-path-regex/package.json
325 verbose installManyTop reading scoped package data from /Users/nichole.cruzalegui/Documents/Hilton-2025/Breakfast v2.1/utils/node_modules/union-value/package.json
326 verbose installManyTop reading scoped package data from /Users/nichole.cruzalegui/Documents/Hilton-2025/Breakfast v2.1/utils/node_modules/unique-stream/package.json
327 verbose installManyTop reading scoped package data from /Users/nichole.cruzalegui/Documents/Hilton-2025/Breakfast v2.1/utils/node_modules/unset-value/package.json
328 verbose installManyTop reading scoped package data from /Users/nichole.cruzalegui/Documents/Hilton-2025/Breakfast v2.1/utils/node_modules/urix/package.json
329 verbose installManyTop reading scoped package data from /Users/nichole.cruzalegui/Documents/Hilton-2025/Breakfast v2.1/utils/node_modules/use/package.json
330 verbose installManyTop reading scoped package data from /Users/nichole.cruzalegui/Documents/Hilton-2025/Breakfast v2.1/utils/node_modules/user-home/package.json
331 verbose installManyTop reading scoped package data from /Users/nichole.cruzalegui/Documents/Hilton-2025/Breakfast v2.1/utils/node_modules/util-deprecate/package.json
332 verbose installManyTop reading scoped package data from /Users/nichole.cruzalegui/Documents/Hilton-2025/Breakfast v2.1/utils/node_modules/v8flags/package.json
333 verbose installManyTop reading scoped package data from /Users/nichole.cruzalegui/Documents/Hilton-2025/Breakfast v2.1/utils/node_modules/validate-npm-package-license/package.json
334 verbose installManyTop reading scoped package data from /Users/nichole.cruzalegui/Documents/Hilton-2025/Breakfast v2.1/utils/node_modules/vinyl/package.json
335 verbose installManyTop reading scoped package data from /Users/nichole.cruzalegui/Documents/Hilton-2025/Breakfast v2.1/utils/node_modules/vinyl-file/package.json
336 verbose installManyTop reading scoped package data from /Users/nichole.cruzalegui/Documents/Hilton-2025/Breakfast v2.1/utils/node_modules/vinyl-fs/package.json
337 verbose installManyTop reading scoped package data from /Users/nichole.cruzalegui/Documents/Hilton-2025/Breakfast v2.1/utils/node_modules/whet.extend/package.json
338 verbose installManyTop reading scoped package data from /Users/nichole.cruzalegui/Documents/Hilton-2025/Breakfast v2.1/utils/node_modules/which/package.json
339 verbose installManyTop reading scoped package data from /Users/nichole.cruzalegui/Documents/Hilton-2025/Breakfast v2.1/utils/node_modules/window-size/package.json
340 verbose installManyTop reading scoped package data from /Users/nichole.cruzalegui/Documents/Hilton-2025/Breakfast v2.1/utils/node_modules/wrap-ansi/package.json
341 verbose installManyTop reading scoped package data from /Users/nichole.cruzalegui/Documents/Hilton-2025/Breakfast v2.1/utils/node_modules/wrappy/package.json
342 verbose installManyTop reading scoped package data from /Users/nichole.cruzalegui/Documents/Hilton-2025/Breakfast v2.1/utils/node_modules/xtend/package.json
343 verbose installManyTop reading scoped package data from /Users/nichole.cruzalegui/Documents/Hilton-2025/Breakfast v2.1/utils/node_modules/y18n/package.json
344 verbose installManyTop reading scoped package data from /Users/nichole.cruzalegui/Documents/Hilton-2025/Breakfast v2.1/utils/node_modules/yargs/package.json
345 verbose installManyTop reading scoped package data from /Users/nichole.cruzalegui/Documents/Hilton-2025/Breakfast v2.1/utils/node_modules/yazl/package.json
346 info package.json copy-descriptor@0.1.1 No README data
347 info package.json get-value@2.0.6 No README data
348 info package.json gulp-file@0.2.0 license should be a valid SPDX license expression
349 info package.json fs@0.0.2 fs is also the name of a node core module.
350 info package.json fs@0.0.2 No description
351 info package.json fs@0.0.2 No repository field.
352 info package.json object-copy@0.1.0 No README data
353 info package.json path-is-inside@1.0.2 No README data
354 info package.json path@0.11.14 path is also the name of a node core module.
355 info package.json pngjs@0.4.0 No repository field.
356 info package.json pngjs@0.4.0 No license field.
357 info package.json static-extend@0.1.2 No README data
358 info package.json ansi-wrap@0.1.0 license should be a valid SPDX license expression
359 info package.json coa@1.0.4 No license field.
360 info package.json duplexer2@0.0.2 license should be a valid SPDX license expression
361 info package.json deprecated@0.0.1 No license field.
362 info package.json fork-stream@0.0.4 license should be a valid SPDX license expression
363 info package.json gaze@0.5.2 No license field.
364 info package.json glob-base@0.3.0 license should be a valid SPDX license expression
365 info package.json glob-stream@3.1.18 No license field.
366 info package.json glob2base@0.0.12 No license field.
367 info package.json glob-watcher@0.0.6 No license field.
368 info package.json globule@0.1.0 No license field.
369 info package.json is-primitive@2.0.0 license should be a valid SPDX license expression
370 info package.json preserve@0.2.0 license should be a valid SPDX license expression
371 info package.json pngquant@0.1.5 license should be a valid SPDX license expression
372 info package.json replace-ext@0.0.1 No license field.
373 info package.json rechoir@0.6.2 No license field.
374 info package.json repeat-element@1.1.2 license should be a valid SPDX license expression
375 info package.json sequencify@0.0.7 No license field.
376 info package.json string_decoder@0.10.31 string_decoder is also the name of a node core module.
377 info package.json unique-stream@1.0.0 license should be a valid SPDX license expression
378 info package.json vinyl-fs@0.3.14 No license field.
379 info package.json v8flags@2.1.1 No license field.
380 verbose readDependencies loading dependencies from /Users/nichole.cruzalegui/Documents/Hilton-2025/Breakfast v2.1/utils/package.json
381 silly cache add args [ 'pngquant-bin', null ]
382 verbose cache add spec pngquant-bin
383 silly cache add parsed spec Result {
383 silly cache add   raw: 'pngquant-bin',
383 silly cache add   scope: null,
383 silly cache add   name: 'pngquant-bin',
383 silly cache add   rawSpec: '',
383 silly cache add   spec: 'latest',
383 silly cache add   type: 'tag' }
384 silly addNamed pngquant-bin@latest
385 verbose addNamed "latest" is being treated as a dist-tag for pngquant-bin
386 info addNameTag [ 'pngquant-bin', 'latest' ]
387 silly mapToRegistry name pngquant-bin
388 silly mapToRegistry using default registry
389 silly mapToRegistry registry https://registry.npmjs.org/
390 silly mapToRegistry data Result {
390 silly mapToRegistry   raw: 'pngquant-bin',
390 silly mapToRegistry   scope: null,
390 silly mapToRegistry   name: 'pngquant-bin',
390 silly mapToRegistry   rawSpec: '',
390 silly mapToRegistry   spec: 'latest',
390 silly mapToRegistry   type: 'tag' }
391 silly mapToRegistry uri https://registry.npmjs.org/pngquant-bin
392 verbose addNameTag registry:https://registry.npmjs.org/pngquant-bin not in flight; fetching
393 verbose request uri https://registry.npmjs.org/pngquant-bin
394 verbose request no auth needed
395 info attempt registry request try #1 at 4:54:37 PM
396 verbose request id c9774ff7209042f0
397 verbose etag W/"90ec6009bd9273772f62fcfc638fe782"
398 verbose lastModified Mon, 09 Sep 2024 14:37:02 GMT
399 http request GET https://registry.npmjs.org/pngquant-bin
400 http 304 https://registry.npmjs.org/pngquant-bin
401 verbose headers { date: 'Mon, 10 Nov 2025 21:54:37 GMT',
401 verbose headers   connection: 'keep-alive',
401 verbose headers   server: 'cloudflare',
401 verbose headers   'cf-ray': '99c8ca18a9be9056-BOS',
401 verbose headers   'cf-cache-status': 'HIT',
401 verbose headers   'access-control-allow-origin': '*',
401 verbose headers   age: '273',
401 verbose headers   'cache-control': 'public, max-age=300',
401 verbose headers   etag: '"90ec6009bd9273772f62fcfc638fe782"',
401 verbose headers   'last-modified': 'Mon, 09 Sep 2024 14:37:02 GMT',
401 verbose headers   vary: 'Accept-Encoding',
401 verbose headers   'set-cookie': [ '_cfuvid=FKEa9SA4d5wIyNzmrx_uoy1K8WnfcjgdhVevUoz83MQ-1762811677600-0.0.1.1-604800000; path=/; domain=.npmjs.org; HttpOnly; Secure; SameSite=None' ] }
402 silly get cb [ 304,
402 silly get   { date: 'Mon, 10 Nov 2025 21:54:37 GMT',
402 silly get     connection: 'keep-alive',
402 silly get     server: 'cloudflare',
402 silly get     'cf-ray': '99c8ca18a9be9056-BOS',
402 silly get     'cf-cache-status': 'HIT',
402 silly get     'access-control-allow-origin': '*',
402 silly get     age: '273',
402 silly get     'cache-control': 'public, max-age=300',
402 silly get     etag: '"90ec6009bd9273772f62fcfc638fe782"',
402 silly get     'last-modified': 'Mon, 09 Sep 2024 14:37:02 GMT',
402 silly get     vary: 'Accept-Encoding',
402 silly get     'set-cookie': [ '_cfuvid=FKEa9SA4d5wIyNzmrx_uoy1K8WnfcjgdhVevUoz83MQ-1762811677600-0.0.1.1-604800000; path=/; domain=.npmjs.org; HttpOnly; Secure; SameSite=None' ] } ]
403 verbose etag https://registry.npmjs.org/pngquant-bin from cache
404 verbose get saving pngquant-bin to /Users/nichole.cruzalegui/.npm/registry.npmjs.org/pngquant-bin/.cache.json
405 verbose correctMkdir /Users/nichole.cruzalegui/.npm correctMkdir not in flight; initializing
406 silly addNameTag next cb for pngquant-bin with tag latest
407 silly addNamed pngquant-bin@9.0.0
408 verbose addNamed "9.0.0" is a plain semver version for pngquant-bin
409 silly mapToRegistry name pngquant-bin
410 silly mapToRegistry using default registry
411 silly mapToRegistry registry https://registry.npmjs.org/
412 silly mapToRegistry data Result {
412 silly mapToRegistry   raw: 'pngquant-bin',
412 silly mapToRegistry   scope: null,
412 silly mapToRegistry   name: 'pngquant-bin',
412 silly mapToRegistry   rawSpec: '',
412 silly mapToRegistry   spec: 'latest',
412 silly mapToRegistry   type: 'tag' }
413 silly mapToRegistry uri https://registry.npmjs.org/pngquant-bin
414 verbose addRemoteTarball https://registry.npmjs.org/pngquant-bin/-/pngquant-bin-9.0.0.tgz not in flight; adding
415 verbose addRemoteTarball [ 'https://registry.npmjs.org/pngquant-bin/-/pngquant-bin-9.0.0.tgz',
415 verbose addRemoteTarball   '51f5840e254a53972f78dd80540f5f7ed4e5e559' ]
416 verbose stack Error: EACCES: permission denied, mkdir '/var/folders/zz/zyxvpxvq6csfxvn_n0000000000000/T/npm-36168-9cd3aac0/registry.npmjs.org/pngquant-bin/-'
416 verbose stack     at Error (native)
417 verbose cwd /Users/nichole.cruzalegui/Documents/Hilton-2025/Breakfast v2.1/utils
418 error Darwin 23.6.0
419 error argv "/Users/nichole.cruzalegui/.nvm/versions/node/v4.9.1/bin/node" "/Users/nichole.cruzalegui/.nvm/versions/node/v4.9.1/bin/npm" "install" "pngquant-bin"
420 error node v4.9.1
421 error npm  v2.15.11
422 error path /var/folders/zz/zyxvpxvq6csfxvn_n0000000000000/T/npm-36168-9cd3aac0/registry.npmjs.org/pngquant-bin/-
423 error code EACCES
424 error errno -13
425 error syscall mkdir
426 error Error: EACCES: permission denied, mkdir '/var/folders/zz/zyxvpxvq6csfxvn_n0000000000000/T/npm-36168-9cd3aac0/registry.npmjs.org/pngquant-bin/-'
426 error     at Error (native)
426 error  { [Error: EACCES: permission denied, mkdir '/var/folders/zz/zyxvpxvq6csfxvn_n0000000000000/T/npm-36168-9cd3aac0/registry.npmjs.org/pngquant-bin/-']
426 error   errno: -13,
426 error   code: 'EACCES',
426 error   syscall: 'mkdir',
426 error   path: '/var/folders/zz/zyxvpxvq6csfxvn_n0000000000000/T/npm-36168-9cd3aac0/registry.npmjs.org/pngquant-bin/-',
426 error   parent: 'html_templates' }
427 error Please try running this command again as root/Administrator.
428 verbose exit [ -13, true ]
